INFO:root:Start synchronization
INFO:root:File C:/Projects/testTaskVeeam/source/test2 has been added to replica folder
INFO:root:Start synchronization
INFO:root:File C:/Projects/testTaskVeeam/replica/test2 has been removed
INFO:root:Start synchronization
INFO:root:Start synchronization
INFO:root:Start synchronization
INFO:root:Folder C:/Users/nuno.serol/Documents/nuno/projects/testTaskVeeam/replica/hh has been removed
INFO:root:File C:/Users/nuno.serol/Documents/nuno/projects/testTaskVeeam/source/test2 has been added to replica folder
INFO:root:Start synchronization
INFO:root:File C:/Users/nuno.serol/Documents/nuno/projects/testTaskVeeam/replica/test2 has been removed
INFO:root:Start synchronization
INFO:root:File C:/Users/nuno.serol/Documents/nuno/projects/testTaskVeeam/source/test2 has been added to replica folder
INFO:root:Start synchronization
INFO:root:File C:/Projects/testTaskVeeam/replica/test2 has been removed
INFO:root:Folder C:/Projects/testTaskVeeam/source/hh has been added to replica
INFO:root:Start synchronization
INFO:root:File C:/Projects/testTaskVeeam/source/test2 has been added to replica folder
INFO:root:Start synchronization
INFO:root:File C:/Projects/testTaskVeeam/replica/test2 has been removed
INFO:root:Start synchronization
INFO:root:File C:/Projects/testTaskVeeam/source/test2 has been added to replica folder
INFO:root:Start synchronization
INFO:root:Start synchronization
INFO:root:Folder C:/Projects/testTaskVeeam/source/j has been added to replica
INFO:root:Start synchronization
INFO:root:Start synchronization
INFO:root:Folder C:/Projects/testTaskVeeam/replica/j has been removed
INFO:root:Start synchronization
INFO:root:Start synchronization
INFO:root:Start synchronization
INFO:root:Start synchronization
INFO:root:Start synchronization
INFO:root:Start synchronization
INFO:root:File C:/Projects/testTaskVeeam/replica/test2 has been removed
INFO:root:Start synchronization
INFO:root:File C:/Projects/testTaskVeeam/source/test2 has been added to replica folder
INFO:root:Start synchronization
INFO:root:Start synchronization
INFO:root:Start synchronization
INFO:root:Start synchronization
INFO:root:Start synchronization
INFO:root:Start synchronization
INFO:root:Start synchronization
INFO:root:Start synchronization
INFO:root:Start synchronization
INFO:root:Start synchronization
INFO:root:Start synchronization
INFO:root:File C:/Projects/testTaskVeeam/replica/test2 has been removed
INFO:root:Start synchronization
INFO:root:File C:/Projects/testTaskVeeam/source/test2 has been added to replica folder
INFO:root:Start synchronization
INFO:root:Start synchronization
INFO:root:Start synchronization
INFO:root:Start synchronization
INFO:root:Start synchronization
INFO:root:Start synchronization
INFO:root:Start synchronization
INFO:root:Start synchronization
INFO:root:Start synchronization
INFO:root:Start synchronization
INFO:root:Start synchronization
INFO:root:Start synchronization
INFO:root:Start synchronization
INFO:root:Start synchronization
INFO:root:Start synchronization
INFO:root:Start synchronization
INFO:root:Start synchronization
INFO:root:Start synchronization
INFO:root:Start synchronization
INFO:root:Start synchronization
INFO:root:Start synchronization
INFO:root:Start synchronization
INFO:root:Start synchronization
INFO:root:Start synchronization
INFO:root:Start synchronization
INFO:root:Start synchronization
INFO:root:Start synchronization
INFO:root:Start synchronization
INFO:root:Start synchronization
INFO:root:Start synchronization
INFO:root:Start synchronization
INFO:root:Start synchronization
INFO:root:Start synchronization
INFO:root:Start synchronization
INFO:root:Start synchronization
INFO:root:Start synchronization
INFO:root:Start synchronization
INFO:root:Start synchronization
INFO:root:Start synchronization
INFO:root:Start synchronization
INFO:root:Start synchronization
INFO:root:Start synchronization
INFO:root:Start synchronization
INFO:root:Start synchronization
INFO:root:Start synchronization
INFO:root:Start synchronization
INFO:root:Start synchronization
INFO:root:Start synchronization
INFO:root:Start synchronization
INFO:root:Start synchronization
INFO:root:Start synchronization
INFO:root:Start synchronization
INFO:root:Start synchronization
INFO:root:Start synchronization
INFO:root:Start synchronization
INFO:root:Start synchronization
INFO:root:Start synchronization
INFO:root:Start synchronization
INFO:root:Start synchronization
